c:\users\kertész gábor\source\repos\cpp\virussimulator\gameofvirus\gameofvirus\debug\config.obj
c:\users\kertész gábor\source\repos\cpp\virussimulator\gameofvirus\gameofvirus\debug\vc142.pdb
c:\users\kertész gábor\source\repos\cpp\virussimulator\gameofvirus\gameofvirus\debug\vc142.idb
c:\users\kertész gábor\source\repos\cpp\virussimulator\gameofvirus\gameofvirus\debug\models.obj
c:\users\kertész gábor\source\repos\cpp\virussimulator\gameofvirus\gameofvirus\debug\gameofvirus.obj
c:\users\kertész gábor\source\repos\cpp\virussimulator\gameofvirus\gameofvirus\debug\gamemodel.obj
c:\users\kertész gábor\source\repos\cpp\virussimulator\gameofvirus\debug\gameofvirus.exe
c:\users\kertész gábor\source\repos\cpp\virussimulator\gameofvirus\debug\gameofvirus.ilk
c:\users\kertész gábor\source\repos\cpp\virussimulator\gameofvirus\debug\gameofvirus.pdb
c:\users\kertész gábor\source\repos\cpp\virussimulator\gameofvirus\gameofvirus\debug\gameofvirus.obj.enc
c:\users\kertész gábor\source\repos\cpp\virussimulator\gameofvirus\gameofvirus\debug\nativecodeanalysis.read.1.tlog
c:\users\kertész gábor\source\repos\cpp\virussimulator\gameofvirus\gameofvirus\debug\config.nativecodeanalysis.xml
c:\users\kertész gábor\source\repos\cpp\virussimulator\gameofvirus\gameofvirus\debug\gamemodel.nativecodeanalysis.xml
c:\users\kertész gábor\source\repos\cpp\virussimulator\gameofvirus\gameofvirus\debug\gameofvirus.nativecodeanalysis.xml
c:\users\kertész gábor\source\repos\cpp\virussimulator\gameofvirus\gameofvirus\debug\models.nativecodeanalysis.xml
c:\users\kertész gábor\source\repos\cpp\virussimulator\gameofvirus\gameofvirus\debug\vc.nativecodeanalysis.all.xml
c:\users\kertész gábor\source\repos\cpp\virussimulator\gameofvirus\gameofvirus\debug\gameofvirus.tlog\cl.command.1.tlog
c:\users\kertész gábor\source\repos\cpp\virussimulator\gameofvirus\gameofvirus\debug\gameofvirus.tlog\cl.read.1.tlog
c:\users\kertész gábor\source\repos\cpp\virussimulator\gameofvirus\gameofvirus\debug\gameofvirus.tlog\cl.write.1.tlog
c:\users\kertész gábor\source\repos\cpp\virussimulator\gameofvirus\gameofvirus\debug\gameofvirus.tlog\link.command.1.tlog
c:\users\kertész gábor\source\repos\cpp\virussimulator\gameofvirus\gameofvirus\debug\gameofvirus.tlog\link.read.1.tlog
c:\users\kertész gábor\source\repos\cpp\virussimulator\gameofvirus\gameofvirus\debug\gameofvirus.tlog\link.write.1.tlog
